0 	 1.067491e-02 	 1.067491e-02
1 	 1.067491e-02 	 1.067491e-02
2 	 1.067491e-02 	 1.067412e-02
3 	 1.067491e-02 	 1.067412e-02
4 	 1.067491e-02 	 1.067383e-02
5 	 1.067491e-02 	 1.067338e-02
6 	 1.067491e-02 	 1.067338e-02
7 	 1.067491e-02 	 1.067277e-02
8 	 1.067491e-02 	 1.067179e-02
9 	 1.067491e-02 	 1.067166e-02
10 	 1.067491e-02 	 1.067263e-02
20 	 1.067491e-02 	 1.070316e-02
30 	 1.067491e-02 	 1.070236e-02
40 	 1.067491e-02 	 1.069399e-02
50 	 1.067491e-02 	 1.069391e-02
60 	 1.067491e-02 	 1.069365e-02
70 	 1.067491e-02 	 1.054108e-02
80 	 1.067491e-02 	 1.043021e-02
90 	 1.067491e-02 	 1.037321e-02
100 	 1.067491e-02 	 1.037321e-02
200 	 1.067491e-02 	 1.035150e-02
300 	 1.067491e-02 	 1.045133e-02
400 	 1.067491e-02 	 1.008386e-02
500 	 1.067491e-02 	 9.852883e-03
600 	 1.067491e-02 	 9.660386e-03
700 	 1.067491e-02 	 9.579139e-03
800 	 1.067491e-02 	 9.337026e-03
900 	 1.067491e-02 	 9.183844e-03
1000 	 1.067491e-02 	 8.907464e-03
2000 	 1.067491e-02 	 7.999460e-03
3000 	 1.067491e-02 	 6.884396e-03
4000 	 1.067491e-02 	 6.361282e-03
5000 	 1.067491e-02 	 5.996505e-03
6000 	 1.067491e-02 	 5.816866e-03
7000 	 1.067491e-02 	 5.645437e-03
8000 	 1.067491e-02 	 5.512937e-03
9000 	 1.067491e-02 	 5.385512e-03
10000 	 1.067491e-02 	 5.287861e-03
20000 	 1.067491e-02 	 4.801795e-03
30000 	 1.067491e-02 	 4.532686e-03
40000 	 1.067491e-02 	 4.389132e-03
50000 	 1.067491e-02 	 4.340881e-03
60000 	 1.067491e-02 	 4.357776e-03
70000 	 1.067491e-02 	 4.270694e-03
80000 	 1.067491e-02 	 4.270968e-03
90000 	 1.067491e-02 	 4.270041e-03
100000 	 1.067491e-02 	 4.277802e-03
110000 	 1.067491e-02 	 4.245111e-03
110000 	 1.067491e-02 	 4.245111e-03
120000 	 1.067491e-02 	 4.228758e-03
120000 	 1.067491e-02 	 4.228758e-03
130000 	 1.067491e-02 	 4.262531e-03
130000 	 1.067491e-02 	 4.262531e-03
140000 	 1.067491e-02 	 4.286455e-03
140000 	 1.067491e-02 	 4.286455e-03
150000 	 1.067491e-02 	 4.264212e-03
150000 	 1.067491e-02 	 4.264212e-03
160000 	 1.067491e-02 	 4.249665e-03
160000 	 1.067491e-02 	 4.249665e-03
170000 	 1.067491e-02 	 4.262379e-03
170000 	 1.067491e-02 	 4.262379e-03
180000 	 1.067491e-02 	 4.214621e-03
180000 	 1.067491e-02 	 4.214621e-03
190000 	 1.067491e-02 	 4.271814e-03
190000 	 1.067491e-02 	 4.271814e-03
200000 	 1.067491e-02 	 4.268639e-03
200000 	 1.067491e-02 	 4.268639e-03
210000 	 1.067491e-02 	 4.275655e-03
210000 	 1.067491e-02 	 4.275655e-03
220000 	 1.067491e-02 	 4.249068e-03
220000 	 1.067491e-02 	 4.249068e-03
230000 	 1.067491e-02 	 4.284467e-03
230000 	 1.067491e-02 	 4.284467e-03
240000 	 1.067491e-02 	 4.263088e-03
240000 	 1.067491e-02 	 4.263088e-03
250000 	 1.067491e-02 	 4.259366e-03
250000 	 1.067491e-02 	 4.259366e-03
260000 	 1.067491e-02 	 4.240580e-03
260000 	 1.067491e-02 	 4.240580e-03
270000 	 1.067491e-02 	 4.226244e-03
270000 	 1.067491e-02 	 4.226244e-03
280000 	 1.067491e-02 	 4.249220e-03
280000 	 1.067491e-02 	 4.249220e-03
290000 	 1.067491e-02 	 4.242930e-03
290000 	 1.067491e-02 	 4.242930e-03
300000 	 1.067491e-02 	 4.231518e-03
300000 	 1.067491e-02 	 4.231518e-03
310000 	 1.067491e-02 	 4.272825e-03
310000 	 1.067491e-02 	 4.272825e-03
320000 	 1.067491e-02 	 4.241998e-03
320000 	 1.067491e-02 	 4.241998e-03
330000 	 1.067491e-02 	 4.240685e-03
330000 	 1.067491e-02 	 4.240685e-03
340000 	 1.067491e-02 	 4.175138e-03
340000 	 1.067491e-02 	 4.175138e-03
350000 	 1.067491e-02 	 4.238691e-03
350000 	 1.067491e-02 	 4.238691e-03
360000 	 1.067491e-02 	 4.258596e-03
360000 	 1.067491e-02 	 4.258596e-03
370000 	 1.067491e-02 	 4.256514e-03
370000 	 1.067491e-02 	 4.256514e-03
380000 	 1.067491e-02 	 4.277116e-03
380000 	 1.067491e-02 	 4.277116e-03
390000 	 1.067491e-02 	 4.248328e-03
390000 	 1.067491e-02 	 4.248328e-03
400000 	 1.067491e-02 	 4.283475e-03
400000 	 1.067491e-02 	 4.283475e-03
410000 	 1.067491e-02 	 4.285332e-03
410000 	 1.067491e-02 	 4.285332e-03
420000 	 1.067491e-02 	 4.240499e-03
420000 	 1.067491e-02 	 4.240499e-03
430000 	 1.067491e-02 	 4.211554e-03
430000 	 1.067491e-02 	 4.211554e-03
440000 	 1.067491e-02 	 4.251103e-03
440000 	 1.067491e-02 	 4.251103e-03
450000 	 1.067491e-02 	 4.298362e-03
450000 	 1.067491e-02 	 4.298362e-03
460000 	 1.067491e-02 	 4.269043e-03
460000 	 1.067491e-02 	 4.269043e-03
470000 	 1.067491e-02 	 4.297051e-03
470000 	 1.067491e-02 	 4.297051e-03
480000 	 1.067491e-02 	 4.237391e-03
480000 	 1.067491e-02 	 4.237391e-03
490000 	 1.067491e-02 	 4.277191e-03
490000 	 1.067491e-02 	 4.277191e-03
500000 	 1.067491e-02 	 4.229925e-03
500000 	 1.067491e-02 	 4.229925e-03
510000 	 1.067491e-02 	 4.244197e-03
510000 	 1.067491e-02 	 4.244197e-03
520000 	 1.067491e-02 	 4.260392e-03
520000 	 1.067491e-02 	 4.260392e-03
530000 	 1.067491e-02 	 4.213874e-03
530000 	 1.067491e-02 	 4.213874e-03
540000 	 1.067491e-02 	 4.201288e-03
540000 	 1.067491e-02 	 4.201288e-03
550000 	 1.067491e-02 	 4.281551e-03
550000 	 1.067491e-02 	 4.281551e-03
560000 	 1.067491e-02 	 4.293297e-03
560000 	 1.067491e-02 	 4.293297e-03
570000 	 1.067491e-02 	 4.279518e-03
570000 	 1.067491e-02 	 4.279518e-03
580000 	 1.067491e-02 	 4.275379e-03
580000 	 1.067491e-02 	 4.275379e-03
590000 	 1.067491e-02 	 4.281588e-03
590000 	 1.067491e-02 	 4.281588e-03
600000 	 1.067491e-02 	 4.233326e-03
600000 	 1.067491e-02 	 4.233326e-03
610000 	 1.067491e-02 	 4.214650e-03
610000 	 1.067491e-02 	 4.214650e-03
620000 	 1.067491e-02 	 4.239805e-03
620000 	 1.067491e-02 	 4.239805e-03
630000 	 1.067491e-02 	 4.183927e-03
630000 	 1.067491e-02 	 4.183927e-03
640000 	 1.067491e-02 	 4.197467e-03
640000 	 1.067491e-02 	 4.197467e-03
650000 	 1.067491e-02 	 4.258128e-03
650000 	 1.067491e-02 	 4.258128e-03
660000 	 1.067491e-02 	 4.318553e-03
660000 	 1.067491e-02 	 4.318553e-03
670000 	 1.067491e-02 	 4.250743e-03
670000 	 1.067491e-02 	 4.250743e-03
680000 	 1.067491e-02 	 4.236885e-03
680000 	 1.067491e-02 	 4.236885e-03
690000 	 1.067491e-02 	 4.264949e-03
690000 	 1.067491e-02 	 4.264949e-03
700000 	 1.067491e-02 	 4.208176e-03
700000 	 1.067491e-02 	 4.208176e-03
710000 	 1.067491e-02 	 4.214568e-03
710000 	 1.067491e-02 	 4.214568e-03
720000 	 1.067491e-02 	 4.225827e-03
720000 	 1.067491e-02 	 4.225827e-03
730000 	 1.067491e-02 	 4.255345e-03
730000 	 1.067491e-02 	 4.255345e-03
740000 	 1.067491e-02 	 4.230902e-03
740000 	 1.067491e-02 	 4.230902e-03
750000 	 1.067491e-02 	 4.202735e-03
750000 	 1.067491e-02 	 4.202735e-03
760000 	 1.067491e-02 	 4.238542e-03
760000 	 1.067491e-02 	 4.238542e-03
770000 	 1.067491e-02 	 4.261928e-03
770000 	 1.067491e-02 	 4.261928e-03
780000 	 1.067491e-02 	 4.263743e-03
780000 	 1.067491e-02 	 4.263743e-03
790000 	 1.067491e-02 	 4.251786e-03
790000 	 1.067491e-02 	 4.251786e-03
800000 	 1.067491e-02 	 4.273740e-03
800000 	 1.067491e-02 	 4.273740e-03
810000 	 1.067491e-02 	 4.247277e-03
810000 	 1.067491e-02 	 4.247277e-03
820000 	 1.067491e-02 	 4.271536e-03
820000 	 1.067491e-02 	 4.271536e-03
830000 	 1.067491e-02 	 4.308424e-03
830000 	 1.067491e-02 	 4.308424e-03
840000 	 1.067491e-02 	 4.264283e-03
840000 	 1.067491e-02 	 4.264283e-03
850000 	 1.067491e-02 	 4.267798e-03
850000 	 1.067491e-02 	 4.267798e-03
860000 	 1.067491e-02 	 4.207964e-03
860000 	 1.067491e-02 	 4.207964e-03
870000 	 1.067491e-02 	 4.288291e-03
870000 	 1.067491e-02 	 4.288291e-03
880000 	 1.067491e-02 	 4.257820e-03
880000 	 1.067491e-02 	 4.257820e-03
890000 	 1.067491e-02 	 4.228982e-03
890000 	 1.067491e-02 	 4.228982e-03
900000 	 1.067491e-02 	 4.255948e-03
900000 	 1.067491e-02 	 4.255948e-03
910000 	 1.067491e-02 	 4.246904e-03
910000 	 1.067491e-02 	 4.246904e-03
920000 	 1.067491e-02 	 4.239403e-03
920000 	 1.067491e-02 	 4.239403e-03
930000 	 1.067491e-02 	 4.242280e-03
930000 	 1.067491e-02 	 4.242280e-03
940000 	 1.067491e-02 	 4.276842e-03
940000 	 1.067491e-02 	 4.276842e-03
950000 	 1.067491e-02 	 4.240166e-03
950000 	 1.067491e-02 	 4.240166e-03
960000 	 1.067491e-02 	 4.240179e-03
960000 	 1.067491e-02 	 4.240179e-03
970000 	 1.067491e-02 	 4.211065e-03
970000 	 1.067491e-02 	 4.211065e-03
980000 	 1.067491e-02 	 4.220775e-03
980000 	 1.067491e-02 	 4.220775e-03
990000 	 1.067491e-02 	 4.261446e-03
990000 	 1.067491e-02 	 4.261446e-03
1000000 	 1.067491e-02 	 4.227332e-03
1000000 	 1.067491e-02 	 4.227332e-03
1100000 	 1.067491e-02 	 4.285186e-03
1100000 	 1.067491e-02 	 4.285186e-03
1200000 	 1.067491e-02 	 4.243081e-03
1200000 	 1.067491e-02 	 4.243081e-03
1300000 	 1.067491e-02 	 4.213493e-03
1300000 	 1.067491e-02 	 4.213493e-03
1400000 	 1.067491e-02 	 4.229396e-03
1400000 	 1.067491e-02 	 4.229396e-03
1500000 	 1.067491e-02 	 4.270981e-03
1500000 	 1.067491e-02 	 4.270981e-03
1600000 	 1.067491e-02 	 4.257242e-03
1600000 	 1.067491e-02 	 4.257242e-03
1700000 	 1.067491e-02 	 4.263024e-03
1700000 	 1.067491e-02 	 4.263024e-03
1800000 	 1.067491e-02 	 4.305601e-03
1800000 	 1.067491e-02 	 4.305601e-03
1900000 	 1.067491e-02 	 4.220547e-03
1900000 	 1.067491e-02 	 4.220547e-03
2000000 	 1.067491e-02 	 4.328764e-03
2000000 	 1.067491e-02 	 4.328764e-03
2100000 	 1.067491e-02 	 4.259684e-03
2100000 	 1.067491e-02 	 4.259684e-03
2200000 	 1.067491e-02 	 4.232979e-03
2200000 	 1.067491e-02 	 4.232979e-03
2300000 	 1.067491e-02 	 4.263302e-03
2300000 	 1.067491e-02 	 4.263302e-03
2400000 	 1.067491e-02 	 4.240334e-03
2400000 	 1.067491e-02 	 4.240334e-03
2500000 	 1.067491e-02 	 4.263992e-03
2500000 	 1.067491e-02 	 4.263992e-03
2600000 	 1.067491e-02 	 4.248291e-03
2600000 	 1.067491e-02 	 4.248291e-03
2700000 	 1.067491e-02 	 4.252050e-03
2700000 	 1.067491e-02 	 4.252050e-03
2800000 	 1.067491e-02 	 4.262203e-03
2800000 	 1.067491e-02 	 4.262203e-03
2900000 	 1.067491e-02 	 4.296307e-03
2900000 	 1.067491e-02 	 4.296307e-03
3000000 	 1.067491e-02 	 4.255585e-03
3000000 	 1.067491e-02 	 4.255585e-03
3100000 	 1.067491e-02 	 4.231021e-03
3100000 	 1.067491e-02 	 4.231021e-03
3200000 	 1.067491e-02 	 4.256258e-03
3200000 	 1.067491e-02 	 4.256258e-03
3300000 	 1.067491e-02 	 4.258094e-03
3300000 	 1.067491e-02 	 4.258094e-03
3400000 	 1.067491e-02 	 4.282924e-03
3400000 	 1.067491e-02 	 4.282924e-03
3500000 	 1.067491e-02 	 4.219185e-03
3500000 	 1.067491e-02 	 4.219185e-03
3600000 	 1.067491e-02 	 4.264798e-03
3600000 	 1.067491e-02 	 4.264798e-03
3700000 	 1.067491e-02 	 4.254735e-03
3700000 	 1.067491e-02 	 4.254735e-03
3800000 	 1.067491e-02 	 4.218854e-03
3800000 	 1.067491e-02 	 4.218854e-03
3900000 	 1.067491e-02 	 4.260442e-03
3900000 	 1.067491e-02 	 4.260442e-03
4000000 	 1.067491e-02 	 4.252251e-03
4000000 	 1.067491e-02 	 4.252251e-03
4100000 	 1.067491e-02 	 4.303095e-03
4100000 	 1.067491e-02 	 4.303095e-03
4200000 	 1.067491e-02 	 4.247541e-03
4200000 	 1.067491e-02 	 4.247541e-03
4300000 	 1.067491e-02 	 4.243921e-03
4300000 	 1.067491e-02 	 4.243921e-03
4400000 	 1.067491e-02 	 4.237655e-03
4400000 	 1.067491e-02 	 4.237655e-03
4500000 	 1.067491e-02 	 4.207689e-03
4500000 	 1.067491e-02 	 4.207689e-03
4600000 	 1.067491e-02 	 4.286932e-03
4600000 	 1.067491e-02 	 4.286932e-03
4700000 	 1.067491e-02 	 4.258468e-03
4700000 	 1.067491e-02 	 4.258468e-03
4800000 	 1.067491e-02 	 4.214120e-03
4800000 	 1.067491e-02 	 4.214120e-03
4900000 	 1.067491e-02 	 4.240391e-03
4900000 	 1.067491e-02 	 4.240391e-03
5000000 	 1.067491e-02 	 4.247907e-03
5000000 	 1.067491e-02 	 4.247907e-03
5100000 	 1.067491e-02 	 4.296772e-03
5100000 	 1.067491e-02 	 4.296772e-03
5200000 	 1.067491e-02 	 4.255194e-03
5200000 	 1.067491e-02 	 4.255194e-03
5300000 	 1.067491e-02 	 4.225146e-03
5300000 	 1.067491e-02 	 4.225146e-03
5400000 	 1.067491e-02 	 4.268628e-03
5400000 	 1.067491e-02 	 4.268628e-03
5500000 	 1.067491e-02 	 4.309132e-03
5500000 	 1.067491e-02 	 4.309132e-03
5600000 	 1.067491e-02 	 4.251379e-03
5600000 	 1.067491e-02 	 4.251379e-03
5700000 	 1.067491e-02 	 4.241845e-03
5700000 	 1.067491e-02 	 4.241845e-03
5800000 	 1.067491e-02 	 4.253371e-03
5800000 	 1.067491e-02 	 4.253371e-03
5900000 	 1.067491e-02 	 4.286817e-03
5900000 	 1.067491e-02 	 4.286817e-03
6000000 	 1.067491e-02 	 4.198188e-03
6000000 	 1.067491e-02 	 4.198188e-03
6100000 	 1.067491e-02 	 4.262091e-03
6100000 	 1.067491e-02 	 4.262091e-03
6200000 	 1.067491e-02 	 4.279142e-03
6200000 	 1.067491e-02 	 4.279142e-03
6300000 	 1.067491e-02 	 4.295851e-03
6300000 	 1.067491e-02 	 4.295851e-03
6400000 	 1.067491e-02 	 4.257431e-03
6400000 	 1.067491e-02 	 4.257431e-03
6500000 	 1.067491e-02 	 4.268587e-03
6500000 	 1.067491e-02 	 4.268587e-03
6600000 	 1.067491e-02 	 4.275974e-03
6600000 	 1.067491e-02 	 4.275974e-03
6700000 	 1.067491e-02 	 4.212271e-03
6700000 	 1.067491e-02 	 4.212271e-03
6800000 	 1.067491e-02 	 4.228645e-03
6800000 	 1.067491e-02 	 4.228645e-03
6900000 	 1.067491e-02 	 4.226584e-03
6900000 	 1.067491e-02 	 4.226584e-03
7000000 	 1.067491e-02 	 4.281121e-03
7000000 	 1.067491e-02 	 4.281121e-03
7100000 	 1.067491e-02 	 4.238747e-03
7100000 	 1.067491e-02 	 4.238747e-03
7200000 	 1.067491e-02 	 4.215217e-03
7200000 	 1.067491e-02 	 4.215217e-03
7300000 	 1.067491e-02 	 4.252986e-03
7300000 	 1.067491e-02 	 4.252986e-03
7400000 	 1.067491e-02 	 4.299857e-03
7400000 	 1.067491e-02 	 4.299857e-03
7500000 	 1.067491e-02 	 4.242534e-03
7500000 	 1.067491e-02 	 4.242534e-03
7600000 	 1.067491e-02 	 4.200086e-03
7600000 	 1.067491e-02 	 4.200086e-03
7700000 	 1.067491e-02 	 4.234138e-03
7700000 	 1.067491e-02 	 4.234138e-03
7800000 	 1.067491e-02 	 4.262515e-03
7800000 	 1.067491e-02 	 4.262515e-03
7900000 	 1.067491e-02 	 4.226202e-03
7900000 	 1.067491e-02 	 4.226202e-03
8000000 	 1.067491e-02 	 4.246223e-03
8000000 	 1.067491e-02 	 4.246223e-03
8100000 	 1.067491e-02 	 4.230496e-03
8100000 	 1.067491e-02 	 4.230496e-03
8200000 	 1.067491e-02 	 4.238247e-03
8200000 	 1.067491e-02 	 4.238247e-03
8300000 	 1.067491e-02 	 4.269603e-03
8300000 	 1.067491e-02 	 4.269603e-03
8400000 	 1.067491e-02 	 4.267694e-03
8400000 	 1.067491e-02 	 4.267694e-03
8500000 	 1.067491e-02 	 4.319503e-03
8500000 	 1.067491e-02 	 4.319503e-03
8600000 	 1.067491e-02 	 4.251919e-03
8600000 	 1.067491e-02 	 4.251919e-03
8700000 	 1.067491e-02 	 4.234529e-03
8700000 	 1.067491e-02 	 4.234529e-03
8800000 	 1.067491e-02 	 4.208177e-03
8800000 	 1.067491e-02 	 4.208177e-03
8900000 	 1.067491e-02 	 4.225603e-03
8900000 	 1.067491e-02 	 4.225603e-03
9000000 	 1.067491e-02 	 4.251531e-03
9000000 	 1.067491e-02 	 4.251531e-03
9100000 	 1.067491e-02 	 4.273446e-03
9100000 	 1.067491e-02 	 4.273446e-03
9200000 	 1.067491e-02 	 4.248564e-03
9200000 	 1.067491e-02 	 4.248564e-03
9300000 	 1.067491e-02 	 4.304440e-03
9300000 	 1.067491e-02 	 4.304440e-03
9400000 	 1.067491e-02 	 4.225583e-03
9400000 	 1.067491e-02 	 4.225583e-03
9500000 	 1.067491e-02 	 4.211302e-03
9500000 	 1.067491e-02 	 4.211302e-03
9600000 	 1.067491e-02 	 4.247385e-03
9600000 	 1.067491e-02 	 4.247385e-03
9700000 	 1.067491e-02 	 4.254904e-03
9700000 	 1.067491e-02 	 4.254904e-03
9800000 	 1.067491e-02 	 4.259283e-03
9800000 	 1.067491e-02 	 4.259283e-03
9900000 	 1.067491e-02 	 4.247546e-03
9900000 	 1.067491e-02 	 4.247546e-03
10000000 	 1.067491e-02 	 4.276110e-03
10000000 	 1.067491e-02 	 4.276110e-03
11000000 	 1.067491e-02 	 4.258806e-03
11000000 	 1.067491e-02 	 4.258806e-03
12000000 	 1.067491e-02 	 4.285958e-03
12000000 	 1.067491e-02 	 4.285958e-03
13000000 	 1.067491e-02 	 4.280288e-03
13000000 	 1.067491e-02 	 4.280288e-03
14000000 	 1.067491e-02 	 4.260211e-03
14000000 	 1.067491e-02 	 4.260211e-03
15000000 	 1.067491e-02 	 4.267713e-03
15000000 	 1.067491e-02 	 4.267713e-03
16000000 	 1.067491e-02 	 4.309671e-03
16000000 	 1.067491e-02 	 4.309671e-03
17000000 	 1.067491e-02 	 4.303248e-03
17000000 	 1.067491e-02 	 4.303248e-03
18000000 	 1.067491e-02 	 4.256293e-03
18000000 	 1.067491e-02 	 4.256293e-03
19000000 	 1.067491e-02 	 4.283867e-03
19000000 	 1.067491e-02 	 4.283867e-03
20000000 	 1.067491e-02 	 4.241872e-03
20000000 	 1.067491e-02 	 4.241872e-03
21000000 	 1.067491e-02 	 4.323409e-03
21000000 	 1.067491e-02 	 4.323409e-03
22000000 	 1.067491e-02 	 4.210935e-03
22000000 	 1.067491e-02 	 4.210935e-03
23000000 	 1.067491e-02 	 4.247440e-03
23000000 	 1.067491e-02 	 4.247440e-03
24000000 	 1.067491e-02 	 4.300982e-03
24000000 	 1.067491e-02 	 4.300982e-03
25000000 	 1.067491e-02 	 4.221485e-03
25000000 	 1.067491e-02 	 4.221485e-03
26000000 	 1.067491e-02 	 4.254041e-03
26000000 	 1.067491e-02 	 4.254041e-03
27000000 	 1.067491e-02 	 4.220706e-03
27000000 	 1.067491e-02 	 4.220706e-03
28000000 	 1.067491e-02 	 4.232067e-03
28000000 	 1.067491e-02 	 4.232067e-03
29000000 	 1.067491e-02 	 4.230597e-03
29000000 	 1.067491e-02 	 4.230597e-03
30000000 	 1.067491e-02 	 4.273287e-03
30000000 	 1.067491e-02 	 4.273287e-03
31000000 	 1.067491e-02 	 4.279840e-03
31000000 	 1.067491e-02 	 4.279840e-03
32000000 	 1.067491e-02 	 4.246803e-03
32000000 	 1.067491e-02 	 4.246803e-03
33000000 	 1.067491e-02 	 4.245840e-03
33000000 	 1.067491e-02 	 4.245840e-03
34000000 	 1.067491e-02 	 4.244199e-03
34000000 	 1.067491e-02 	 4.244199e-03
35000000 	 1.067491e-02 	 4.229108e-03
35000000 	 1.067491e-02 	 4.229108e-03
36000000 	 1.067491e-02 	 4.218824e-03
36000000 	 1.067491e-02 	 4.218824e-03
37000000 	 1.067491e-02 	 4.284480e-03
37000000 	 1.067491e-02 	 4.284480e-03
38000000 	 1.067491e-02 	 4.211095e-03
38000000 	 1.067491e-02 	 4.211095e-03
39000000 	 1.067491e-02 	 4.252910e-03
39000000 	 1.067491e-02 	 4.252910e-03
40000000 	 1.067491e-02 	 4.232582e-03
40000000 	 1.067491e-02 	 4.232582e-03
41000000 	 1.067491e-02 	 4.225453e-03
41000000 	 1.067491e-02 	 4.225453e-03
42000000 	 1.067491e-02 	 4.256331e-03
42000000 	 1.067491e-02 	 4.256331e-03
43000000 	 1.067491e-02 	 4.247116e-03
43000000 	 1.067491e-02 	 4.247116e-03
44000000 	 1.067491e-02 	 4.222026e-03
44000000 	 1.067491e-02 	 4.222026e-03
45000000 	 1.067491e-02 	 4.204541e-03
45000000 	 1.067491e-02 	 4.204541e-03
46000000 	 1.067491e-02 	 4.202806e-03
46000000 	 1.067491e-02 	 4.202806e-03
